{"D:\\University\\sem6\\SE\\SE Project\\TaskManagment\\backend\\controllers\\commentController.js": {"path":"D:\\University\\sem6\\SE\\SE Project\\TaskManagment\\backend\\controllers\\commentController.js","statementMap":{"0":{"start":{"line":1,"column":16},"end":{"line":1,"column":44}},"1":{"start":{"line":2,"column":13},"end":{"line":2,"column":38}},"2":{"start":{"line":3,"column":13},"end":{"line":3,"column":38}},"3":{"start":{"line":6,"column":20},"end":{"line":62,"column":1}},"4":{"start":{"line":7,"column":2},"end":{"line":61,"column":3}},"5":{"start":{"line":8,"column":23},"end":{"line":8,"column":33}},"6":{"start":{"line":11,"column":17},"end":{"line":11,"column":44}},"7":{"start":{"line":12,"column":4},"end":{"line":14,"column":5}},"8":{"start":{"line":13,"column":6},"end":{"line":13,"column":61}},"9":{"start":{"line":17,"column":17},"end":{"line":17,"column":47}},"10":{"start":{"line":18,"column":4},"end":{"line":20,"column":5}},"11":{"start":{"line":19,"column":6},"end":{"line":19,"column":61}},"12":{"start":{"line":22,"column":21},"end":{"line":24,"column":48}},"13":{"start":{"line":23,"column":6},"end":{"line":23,"column":76}},"14":{"start":{"line":26,"column":4},"end":{"line":28,"column":5}},"15":{"start":{"line":27,"column":6},"end":{"line":27,"column":78}},"16":{"start":{"line":31,"column":21},"end":{"line":33,"column":31}},"17":{"start":{"line":36,"column":30},"end":{"line":55,"column":7}},"18":{"start":{"line":37,"column":17},"end":{"line":37,"column":25}},"19":{"start":{"line":40,"column":6},"end":{"line":50,"column":7}},"20":{"start":{"line":41,"column":8},"end":{"line":41,"column":25}},"21":{"start":{"line":44,"column":27},"end":{"line":46,"column":9}},"22":{"start":{"line":45,"column":10},"end":{"line":45,"column":59}},"23":{"start":{"line":47,"column":8},"end":{"line":49,"column":9}},"24":{"start":{"line":48,"column":10},"end":{"line":48,"column":25}},"25":{"start":{"line":52,"column":25},"end":{"line":52,"column":43}},"26":{"start":{"line":53,"column":6},"end":{"line":53,"column":33}},"27":{"start":{"line":54,"column":6},"end":{"line":54,"column":24}},"28":{"start":{"line":57,"column":4},"end":{"line":57,"column":39}},"29":{"start":{"line":59,"column":4},"end":{"line":59,"column":31}},"30":{"start":{"line":60,"column":4},"end":{"line":60,"column":48}},"31":{"start":{"line":65,"column":22},"end":{"line":131,"column":1}},"32":{"start":{"line":66,"column":2},"end":{"line":130,"column":3}},"33":{"start":{"line":67,"column":21},"end":{"line":67,"column":29}},"34":{"start":{"line":68,"column":23},"end":{"line":68,"column":33}},"35":{"start":{"line":70,"column":4},"end":{"line":72,"column":5}},"36":{"start":{"line":71,"column":6},"end":{"line":71,"column":71}},"37":{"start":{"line":75,"column":17},"end":{"line":75,"column":44}},"38":{"start":{"line":76,"column":4},"end":{"line":78,"column":5}},"39":{"start":{"line":77,"column":6},"end":{"line":77,"column":61}},"40":{"start":{"line":81,"column":17},"end":{"line":81,"column":47}},"41":{"start":{"line":82,"column":4},"end":{"line":84,"column":5}},"42":{"start":{"line":83,"column":6},"end":{"line":83,"column":61}},"43":{"start":{"line":86,"column":21},"end":{"line":88,"column":48}},"44":{"start":{"line":87,"column":6},"end":{"line":87,"column":76}},"45":{"start":{"line":90,"column":4},"end":{"line":92,"column":5}},"46":{"start":{"line":91,"column":6},"end":{"line":91,"column":85}},"47":{"start":{"line":95,"column":20},"end":{"line":99,"column":6}},"48":{"start":{"line":101,"column":4},"end":{"line":101,"column":25}},"49":{"start":{"line":104,"column":29},"end":{"line":105,"column":41}},"50":{"start":{"line":108,"column":15},"end":{"line":108,"column":23}},"51":{"start":{"line":111,"column":4},"end":{"line":121,"column":5}},"52":{"start":{"line":112,"column":6},"end":{"line":112,"column":23}},"53":{"start":{"line":115,"column":25},"end":{"line":117,"column":7}},"54":{"start":{"line":116,"column":8},"end":{"line":116,"column":41}},"55":{"start":{"line":118,"column":6},"end":{"line":120,"column":7}},"56":{"start":{"line":119,"column":8},"end":{"line":119,"column":23}},"57":{"start":{"line":123,"column":23},"end":{"line":123,"column":50}},"58":{"start":{"line":124,"column":4},"end":{"line":124,"column":31}},"59":{"start":{"line":126,"column":4},"end":{"line":126,"column":44}},"60":{"start":{"line":128,"column":4},"end":{"line":128,"column":31}},"61":{"start":{"line":129,"column":4},"end":{"line":129,"column":48}},"62":{"start":{"line":133,"column":0},"end":{"line":136,"column":2}}},"fnMap":{"0":{"name":"(anonymous_0)","decl":{"start":{"line":6,"column":20},"end":{"line":6,"column":21}},"loc":{"start":{"line":6,"column":40},"end":{"line":62,"column":1}},"line":6},"1":{"name":"(anonymous_1)","decl":{"start":{"line":22,"column":39},"end":{"line":22,"column":40}},"loc":{"start":{"line":23,"column":6},"end":{"line":23,"column":76}},"line":23},"2":{"name":"(anonymous_2)","decl":{"start":{"line":36,"column":61},"end":{"line":36,"column":62}},"loc":{"start":{"line":36,"column":80},"end":{"line":55,"column":5}},"line":36},"3":{"name":"(anonymous_3)","decl":{"start":{"line":44,"column":45},"end":{"line":44,"column":46}},"loc":{"start":{"line":45,"column":10},"end":{"line":45,"column":59}},"line":45},"4":{"name":"(anonymous_4)","decl":{"start":{"line":65,"column":22},"end":{"line":65,"column":23}},"loc":{"start":{"line":65,"column":42},"end":{"line":131,"column":1}},"line":65},"5":{"name":"(anonymous_5)","decl":{"start":{"line":86,"column":39},"end":{"line":86,"column":40}},"loc":{"start":{"line":87,"column":6},"end":{"line":87,"column":76}},"line":87},"6":{"name":"(anonymous_6)","decl":{"start":{"line":115,"column":43},"end":{"line":115,"column":44}},"loc":{"start":{"line":116,"column":8},"end":{"line":116,"column":41}},"line":116}},"branchMap":{"0":{"loc":{"start":{"line":12,"column":4},"end":{"line":14,"column":5}},"type":"if","locations":[{"start":{"line":12,"column":4},"end":{"line":14,"column":5}},{"start":{},"end":{}}],"line":12},"1":{"loc":{"start":{"line":18,"column":4},"end":{"line":20,"column":5}},"type":"if","locations":[{"start":{"line":18,"column":4},"end":{"line":20,"column":5}},{"start":{},"end":{}}],"line":18},"2":{"loc":{"start":{"line":22,"column":21},"end":{"line":24,"column":48}},"type":"binary-expr","locations":[{"start":{"line":22,"column":21},"end":{"line":24,"column":5}},{"start":{"line":24,"column":9},"end":{"line":24,"column":48}}],"line":22},"3":{"loc":{"start":{"line":23,"column":6},"end":{"line":23,"column":76}},"type":"binary-expr","locations":[{"start":{"line":23,"column":6},"end":{"line":23,"column":44}},{"start":{"line":23,"column":48},"end":{"line":23,"column":76}}],"line":23},"4":{"loc":{"start":{"line":26,"column":4},"end":{"line":28,"column":5}},"type":"if","locations":[{"start":{"line":26,"column":4},"end":{"line":28,"column":5}},{"start":{},"end":{}}],"line":26},"5":{"loc":{"start":{"line":40,"column":6},"end":{"line":50,"column":7}},"type":"if","locations":[{"start":{"line":40,"column":6},"end":{"line":50,"column":7}},{"start":{"line":42,"column":13},"end":{"line":50,"column":7}}],"line":40},"6":{"loc":{"start":{"line":47,"column":8},"end":{"line":49,"column":9}},"type":"if","locations":[{"start":{"line":47,"column":8},"end":{"line":49,"column":9}},{"start":{},"end":{}}],"line":47},"7":{"loc":{"start":{"line":47,"column":12},"end":{"line":47,"column":53}},"type":"binary-expr","locations":[{"start":{"line":47,"column":12},"end":{"line":47,"column":22}},{"start":{"line":47,"column":26},"end":{"line":47,"column":53}}],"line":47},"8":{"loc":{"start":{"line":70,"column":4},"end":{"line":72,"column":5}},"type":"if","locations":[{"start":{"line":70,"column":4},"end":{"line":72,"column":5}},{"start":{},"end":{}}],"line":70},"9":{"loc":{"start":{"line":76,"column":4},"end":{"line":78,"column":5}},"type":"if","locations":[{"start":{"line":76,"column":4},"end":{"line":78,"column":5}},{"start":{},"end":{}}],"line":76},"10":{"loc":{"start":{"line":82,"column":4},"end":{"line":84,"column":5}},"type":"if","locations":[{"start":{"line":82,"column":4},"end":{"line":84,"column":5}},{"start":{},"end":{}}],"line":82},"11":{"loc":{"start":{"line":86,"column":21},"end":{"line":88,"column":48}},"type":"binary-expr","locations":[{"start":{"line":86,"column":21},"end":{"line":88,"column":5}},{"start":{"line":88,"column":9},"end":{"line":88,"column":48}}],"line":86},"12":{"loc":{"start":{"line":87,"column":6},"end":{"line":87,"column":76}},"type":"binary-expr","locations":[{"start":{"line":87,"column":6},"end":{"line":87,"column":44}},{"start":{"line":87,"column":48},"end":{"line":87,"column":76}}],"line":87},"13":{"loc":{"start":{"line":90,"column":4},"end":{"line":92,"column":5}},"type":"if","locations":[{"start":{"line":90,"column":4},"end":{"line":92,"column":5}},{"start":{},"end":{}}],"line":90},"14":{"loc":{"start":{"line":111,"column":4},"end":{"line":121,"column":5}},"type":"if","locations":[{"start":{"line":111,"column":4},"end":{"line":121,"column":5}},{"start":{"line":113,"column":11},"end":{"line":121,"column":5}}],"line":111},"15":{"loc":{"start":{"line":118,"column":6},"end":{"line":120,"column":7}},"type":"if","locations":[{"start":{"line":118,"column":6},"end":{"line":120,"column":7}},{"start":{},"end":{}}],"line":118},"16":{"loc":{"start":{"line":118,"column":10},"end":{"line":118,"column":51}},"type":"binary-expr","locations":[{"start":{"line":118,"column":10},"end":{"line":118,"column":20}},{"start":{"line":118,"column":24},"end":{"line":118,"column":51}}],"line":118}},"s":{"0":1,"1":1,"2":1,"3":1,"4":5,"5":5,"6":5,"7":5,"8":1,"9":4,"10":4,"11":1,"12":3,"13":9,"14":3,"15":1,"16":2,"17":1,"18":3,"19":3,"20":1,"21":2,"22":5,"23":2,"24":1,"25":3,"26":3,"27":3,"28":1,"29":1,"30":1,"31":1,"32":8,"33":8,"34":8,"35":8,"36":1,"37":7,"38":7,"39":1,"40":6,"41":6,"42":1,"43":5,"44":12,"45":5,"46":1,"47":4,"48":4,"49":3,"50":3,"51":3,"52":1,"53":2,"54":6,"55":2,"56":1,"57":3,"58":3,"59":3,"60":1,"61":1,"62":1},"f":{"0":5,"1":9,"2":3,"3":5,"4":8,"5":12,"6":6},"b":{"0":[1,4],"1":[1,3],"2":[3,1],"3":[9,2],"4":[1,2],"5":[1,2],"6":[1,1],"7":[2,2],"8":[1,7],"9":[1,6],"10":[1,5],"11":[5,1],"12":[12,4],"13":[1,4],"14":[1,2],"15":[1,1],"16":[2,2]},"_coverageSchema":"1a1c01bbd47fc00a2c39e90264f33305004495a9","hash":"546a171847583fee307b02fa7090116819dc58e4"}
,"D:\\University\\sem6\\SE\\SE Project\\TaskManagment\\backend\\controllers\\taskController.js": {"path":"D:\\University\\sem6\\SE\\SE Project\\TaskManagment\\backend\\controllers\\taskController.js","statementMap":{"0":{"start":{"line":1,"column":13},"end":{"line":1,"column":38}},"1":{"start":{"line":2,"column":13},"end":{"line":2,"column":38}},"2":{"start":{"line":5,"column":17},"end":{"line":29,"column":1}},"3":{"start":{"line":6,"column":2},"end":{"line":28,"column":3}},"4":{"start":{"line":7,"column":18},"end":{"line":22,"column":29}},"5":{"start":{"line":24,"column":4},"end":{"line":24,"column":27}},"6":{"start":{"line":26,"column":4},"end":{"line":26,"column":31}},"7":{"start":{"line":27,"column":4},"end":{"line":27,"column":48}},"8":{"start":{"line":32,"column":19},"end":{"line":89,"column":1}},"9":{"start":{"line":33,"column":2},"end":{"line":88,"column":3}},"10":{"start":{"line":34,"column":80},"end":{"line":34,"column":88}},"11":{"start":{"line":37,"column":17},"end":{"line":43,"column":6}},"12":{"start":{"line":45,"column":4},"end":{"line":47,"column":5}},"13":{"start":{"line":46,"column":6},"end":{"line":46,"column":91}},"14":{"start":{"line":50,"column":24},"end":{"line":50,"column":74}},"15":{"start":{"line":50,"column":51},"end":{"line":50,"column":73}},"16":{"start":{"line":51,"column":27},"end":{"line":51,"column":94}},"17":{"start":{"line":51,"column":62},"end":{"line":51,"column":93}},"18":{"start":{"line":53,"column":4},"end":{"line":55,"column":5}},"19":{"start":{"line":54,"column":6},"end":{"line":54,"column":93}},"20":{"start":{"line":57,"column":17},"end":{"line":68,"column":6}},"21":{"start":{"line":64,"column":57},"end":{"line":67,"column":7}},"22":{"start":{"line":70,"column":4},"end":{"line":70,"column":22}},"23":{"start":{"line":73,"column":26},"end":{"line":82,"column":52}},"24":{"start":{"line":84,"column":4},"end":{"line":84,"column":35}},"25":{"start":{"line":86,"column":4},"end":{"line":86,"column":31}},"26":{"start":{"line":87,"column":4},"end":{"line":87,"column":48}},"27":{"start":{"line":92,"column":25},"end":{"line":131,"column":1}},"28":{"start":{"line":93,"column":2},"end":{"line":130,"column":3}},"29":{"start":{"line":94,"column":23},"end":{"line":94,"column":31}},"30":{"start":{"line":95,"column":17},"end":{"line":95,"column":51}},"31":{"start":{"line":97,"column":4},"end":{"line":99,"column":5}},"32":{"start":{"line":98,"column":6},"end":{"line":98,"column":61}},"33":{"start":{"line":102,"column":27},"end":{"line":104,"column":5}},"34":{"start":{"line":103,"column":16},"end":{"line":103,"column":54}},"35":{"start":{"line":106,"column":4},"end":{"line":108,"column":5}},"36":{"start":{"line":107,"column":6},"end":{"line":107,"column":81}},"37":{"start":{"line":111,"column":4},"end":{"line":111,"column":35}},"38":{"start":{"line":112,"column":4},"end":{"line":112,"column":22}},"39":{"start":{"line":115,"column":24},"end":{"line":124,"column":52}},"40":{"start":{"line":126,"column":4},"end":{"line":126,"column":33}},"41":{"start":{"line":128,"column":4},"end":{"line":128,"column":31}},"42":{"start":{"line":129,"column":4},"end":{"line":129,"column":48}},"43":{"start":{"line":134,"column":19},"end":{"line":197,"column":1}},"44":{"start":{"line":135,"column":2},"end":{"line":196,"column":3}},"45":{"start":{"line":136,"column":72},"end":{"line":136,"column":80}},"46":{"start":{"line":137,"column":17},"end":{"line":137,"column":51}},"47":{"start":{"line":139,"column":4},"end":{"line":141,"column":5}},"48":{"start":{"line":140,"column":6},"end":{"line":140,"column":61}},"49":{"start":{"line":144,"column":17},"end":{"line":150,"column":6}},"50":{"start":{"line":152,"column":4},"end":{"line":154,"column":5}},"51":{"start":{"line":153,"column":6},"end":{"line":153,"column":81}},"52":{"start":{"line":157,"column":4},"end":{"line":157,"column":23}},"53":{"start":{"line":158,"column":4},"end":{"line":158,"column":35}},"54":{"start":{"line":159,"column":4},"end":{"line":159,"column":29}},"55":{"start":{"line":160,"column":4},"end":{"line":160,"column":29}},"56":{"start":{"line":163,"column":4},"end":{"line":176,"column":5}},"57":{"start":{"line":165,"column":26},"end":{"line":165,"column":76}},"58":{"start":{"line":165,"column":53},"end":{"line":165,"column":75}},"59":{"start":{"line":166,"column":29},"end":{"line":166,"column":96}},"60":{"start":{"line":166,"column":64},"end":{"line":166,"column":95}},"61":{"start":{"line":168,"column":6},"end":{"line":170,"column":7}},"62":{"start":{"line":169,"column":8},"end":{"line":169,"column":95}},"63":{"start":{"line":172,"column":6},"end":{"line":175,"column":10}},"64":{"start":{"line":172,"column":63},"end":{"line":175,"column":7}},"65":{"start":{"line":178,"column":4},"end":{"line":178,"column":22}},"66":{"start":{"line":181,"column":24},"end":{"line":190,"column":52}},"67":{"start":{"line":192,"column":4},"end":{"line":192,"column":33}},"68":{"start":{"line":194,"column":4},"end":{"line":194,"column":31}},"69":{"start":{"line":195,"column":4},"end":{"line":195,"column":48}},"70":{"start":{"line":200,"column":19},"end":{"line":229,"column":1}},"71":{"start":{"line":201,"column":2},"end":{"line":228,"column":3}},"72":{"start":{"line":202,"column":17},"end":{"line":202,"column":51}},"73":{"start":{"line":204,"column":4},"end":{"line":206,"column":5}},"74":{"start":{"line":205,"column":6},"end":{"line":205,"column":61}},"75":{"start":{"line":209,"column":17},"end":{"line":215,"column":6}},"76":{"start":{"line":217,"column":4},"end":{"line":219,"column":5}},"77":{"start":{"line":218,"column":6},"end":{"line":218,"column":81}},"78":{"start":{"line":222,"column":4},"end":{"line":222,"column":49}},"79":{"start":{"line":224,"column":4},"end":{"line":224,"column":45}},"80":{"start":{"line":226,"column":4},"end":{"line":226,"column":31}},"81":{"start":{"line":227,"column":4},"end":{"line":227,"column":48}},"82":{"start":{"line":231,"column":0},"end":{"line":237,"column":2}}},"fnMap":{"0":{"name":"(anonymous_0)","decl":{"start":{"line":5,"column":17},"end":{"line":5,"column":18}},"loc":{"start":{"line":5,"column":37},"end":{"line":29,"column":1}},"line":5},"1":{"name":"(anonymous_1)","decl":{"start":{"line":32,"column":19},"end":{"line":32,"column":20}},"loc":{"start":{"line":32,"column":39},"end":{"line":89,"column":1}},"line":32},"2":{"name":"(anonymous_2)","decl":{"start":{"line":50,"column":41},"end":{"line":50,"column":42}},"loc":{"start":{"line":50,"column":51},"end":{"line":50,"column":73}},"line":50},"3":{"name":"(anonymous_3)","decl":{"start":{"line":51,"column":50},"end":{"line":51,"column":51}},"loc":{"start":{"line":51,"column":62},"end":{"line":51,"column":93}},"line":51},"4":{"name":"(anonymous_4)","decl":{"start":{"line":64,"column":44},"end":{"line":64,"column":45}},"loc":{"start":{"line":64,"column":57},"end":{"line":67,"column":7}},"line":64},"5":{"name":"(anonymous_5)","decl":{"start":{"line":92,"column":25},"end":{"line":92,"column":26}},"loc":{"start":{"line":92,"column":45},"end":{"line":131,"column":1}},"line":92},"6":{"name":"(anonymous_6)","decl":{"start":{"line":103,"column":6},"end":{"line":103,"column":7}},"loc":{"start":{"line":103,"column":16},"end":{"line":103,"column":54}},"line":103},"7":{"name":"(anonymous_7)","decl":{"start":{"line":134,"column":19},"end":{"line":134,"column":20}},"loc":{"start":{"line":134,"column":39},"end":{"line":197,"column":1}},"line":134},"8":{"name":"(anonymous_8)","decl":{"start":{"line":165,"column":43},"end":{"line":165,"column":44}},"loc":{"start":{"line":165,"column":53},"end":{"line":165,"column":75}},"line":165},"9":{"name":"(anonymous_9)","decl":{"start":{"line":166,"column":52},"end":{"line":166,"column":53}},"loc":{"start":{"line":166,"column":64},"end":{"line":166,"column":95}},"line":166},"10":{"name":"(anonymous_10)","decl":{"start":{"line":172,"column":50},"end":{"line":172,"column":51}},"loc":{"start":{"line":172,"column":63},"end":{"line":175,"column":7}},"line":172},"11":{"name":"(anonymous_11)","decl":{"start":{"line":200,"column":19},"end":{"line":200,"column":20}},"loc":{"start":{"line":200,"column":39},"end":{"line":229,"column":1}},"line":200}},"branchMap":{"0":{"loc":{"start":{"line":45,"column":4},"end":{"line":47,"column":5}},"type":"if","locations":[{"start":{"line":45,"column":4},"end":{"line":47,"column":5}},{"start":{},"end":{}}],"line":45},"1":{"loc":{"start":{"line":53,"column":4},"end":{"line":55,"column":5}},"type":"if","locations":[{"start":{"line":53,"column":4},"end":{"line":55,"column":5}},{"start":{},"end":{}}],"line":53},"2":{"loc":{"start":{"line":97,"column":4},"end":{"line":99,"column":5}},"type":"if","locations":[{"start":{"line":97,"column":4},"end":{"line":99,"column":5}},{"start":{},"end":{}}],"line":97},"3":{"loc":{"start":{"line":106,"column":4},"end":{"line":108,"column":5}},"type":"if","locations":[{"start":{"line":106,"column":4},"end":{"line":108,"column":5}},{"start":{},"end":{}}],"line":106},"4":{"loc":{"start":{"line":139,"column":4},"end":{"line":141,"column":5}},"type":"if","locations":[{"start":{"line":139,"column":4},"end":{"line":141,"column":5}},{"start":{},"end":{}}],"line":139},"5":{"loc":{"start":{"line":152,"column":4},"end":{"line":154,"column":5}},"type":"if","locations":[{"start":{"line":152,"column":4},"end":{"line":154,"column":5}},{"start":{},"end":{}}],"line":152},"6":{"loc":{"start":{"line":163,"column":4},"end":{"line":176,"column":5}},"type":"if","locations":[{"start":{"line":163,"column":4},"end":{"line":176,"column":5}},{"start":{},"end":{}}],"line":163},"7":{"loc":{"start":{"line":168,"column":6},"end":{"line":170,"column":7}},"type":"if","locations":[{"start":{"line":168,"column":6},"end":{"line":170,"column":7}},{"start":{},"end":{}}],"line":168},"8":{"loc":{"start":{"line":204,"column":4},"end":{"line":206,"column":5}},"type":"if","locations":[{"start":{"line":204,"column":4},"end":{"line":206,"column":5}},{"start":{},"end":{}}],"line":204},"9":{"loc":{"start":{"line":217,"column":4},"end":{"line":219,"column":5}},"type":"if","locations":[{"start":{"line":217,"column":4},"end":{"line":219,"column":5}},{"start":{},"end":{}}],"line":217}},"s":{"0":1,"1":1,"2":1,"3":2,"4":2,"5":1,"6":1,"7":1,"8":1,"9":4,"10":4,"11":4,"12":3,"13":1,"14":2,"15":6,"16":2,"17":2,"18":2,"19":1,"20":1,"21":1,"22":1,"23":1,"24":1,"25":1,"26":1,"27":1,"28":0,"29":0,"30":0,"31":0,"32":0,"33":0,"34":0,"35":0,"36":0,"37":0,"38":0,"39":0,"40":0,"41":0,"42":0,"43":1,"44":5,"45":5,"46":5,"47":4,"48":1,"49":3,"50":3,"51":1,"52":2,"53":2,"54":2,"55":2,"56":2,"57":2,"58":6,"59":2,"60":2,"61":2,"62":1,"63":1,"64":1,"65":1,"66":1,"67":1,"68":1,"69":1,"70":1,"71":0,"72":0,"73":0,"74":0,"75":0,"76":0,"77":0,"78":0,"79":0,"80":0,"81":0,"82":1},"f":{"0":2,"1":4,"2":6,"3":2,"4":1,"5":0,"6":0,"7":5,"8":6,"9":2,"10":1,"11":0},"b":{"0":[1,2],"1":[1,1],"2":[0,0],"3":[0,0],"4":[1,3],"5":[1,2],"6":[2,0],"7":[1,1],"8":[0,0],"9":[0,0]},"_coverageSchema":"1a1c01bbd47fc00a2c39e90264f33305004495a9","hash":"f82433a8bd7a228b5048ab01f4c7e1a2a272903b"}
,"D:\\University\\sem6\\SE\\SE Project\\TaskManagment\\backend\\models\\Comment.js": {"path":"D:\\University\\sem6\\SE\\SE Project\\TaskManagment\\backend\\models\\Comment.js","statementMap":{"0":{"start":{"line":1,"column":17},"end":{"line":1,"column":36}},"1":{"start":{"line":3,"column":22},"end":{"line":23,"column":2}},"2":{"start":{"line":25,"column":0},"end":{"line":25,"column":58}}},"fnMap":{},"branchMap":{},"s":{"0":1,"1":1,"2":1},"f":{},"b":{},"_coverageSchema":"1a1c01bbd47fc00a2c39e90264f33305004495a9","hash":"121e5b0565ae8f11aa9f0d3a71a0b8f142c55c57"}
,"D:\\University\\sem6\\SE\\SE Project\\TaskManagment\\backend\\models\\Task.js": {"path":"D:\\University\\sem6\\SE\\SE Project\\TaskManagment\\backend\\models\\Task.js","statementMap":{"0":{"start":{"line":1,"column":17},"end":{"line":1,"column":36}},"1":{"start":{"line":3,"column":19},"end":{"line":53,"column":2}},"2":{"start":{"line":55,"column":0},"end":{"line":55,"column":52}}},"fnMap":{},"branchMap":{},"s":{"0":2,"1":2,"2":2},"f":{},"b":{},"_coverageSchema":"1a1c01bbd47fc00a2c39e90264f33305004495a9","hash":"9cd6e6b4c57bd74b4f74bd1f4e6995b311cc5cd3"}
,"D:\\University\\sem6\\SE\\SE Project\\TaskManagment\\backend\\models\\Team.js": {"path":"D:\\University\\sem6\\SE\\SE Project\\TaskManagment\\backend\\models\\Team.js","statementMap":{"0":{"start":{"line":1,"column":17},"end":{"line":1,"column":36}},"1":{"start":{"line":3,"column":19},"end":{"line":34,"column":2}},"2":{"start":{"line":36,"column":0},"end":{"line":36,"column":52}}},"fnMap":{},"branchMap":{},"s":{"0":2,"1":2,"2":2},"f":{},"b":{},"_coverageSchema":"1a1c01bbd47fc00a2c39e90264f33305004495a9","hash":"46f4e97f3456667170b591e02c050580cf0de19e"}
,"D:\\University\\sem6\\SE\\SE Project\\TaskManagment\\backend\\models\\User.js": {"path":"D:\\University\\sem6\\SE\\SE Project\\TaskManagment\\backend\\models\\User.js","statementMap":{"0":{"start":{"line":1,"column":17},"end":{"line":1,"column":36}},"1":{"start":{"line":2,"column":15},"end":{"line":2,"column":34}},"2":{"start":{"line":4,"column":19},"end":{"line":26,"column":2}},"3":{"start":{"line":29,"column":0},"end":{"line":39,"column":3}},"4":{"start":{"line":30,"column":2},"end":{"line":30,"column":50}},"5":{"start":{"line":30,"column":36},"end":{"line":30,"column":50}},"6":{"start":{"line":32,"column":2},"end":{"line":38,"column":3}},"7":{"start":{"line":33,"column":17},"end":{"line":33,"column":41}},"8":{"start":{"line":34,"column":4},"end":{"line":34,"column":59}},"9":{"start":{"line":35,"column":4},"end":{"line":35,"column":11}},"10":{"start":{"line":37,"column":4},"end":{"line":37,"column":16}},"11":{"start":{"line":42,"column":0},"end":{"line":44,"column":2}},"12":{"start":{"line":43,"column":2},"end":{"line":43,"column":58}},"13":{"start":{"line":46,"column":0},"end":{"line":46,"column":52}}},"fnMap":{"0":{"name":"(anonymous_0)","decl":{"start":{"line":29,"column":23},"end":{"line":29,"column":24}},"loc":{"start":{"line":29,"column":44},"end":{"line":39,"column":1}},"line":29},"1":{"name":"(anonymous_1)","decl":{"start":{"line":42,"column":37},"end":{"line":42,"column":38}},"loc":{"start":{"line":42,"column":71},"end":{"line":44,"column":1}},"line":42}},"branchMap":{"0":{"loc":{"start":{"line":30,"column":2},"end":{"line":30,"column":50}},"type":"if","locations":[{"start":{"line":30,"column":2},"end":{"line":30,"column":50}},{"start":{},"end":{}}],"line":30}},"s":{"0":2,"1":2,"2":2,"3":2,"4":98,"5":0,"6":98,"7":98,"8":98,"9":98,"10":0,"11":2,"12":0,"13":2},"f":{"0":98,"1":0},"b":{"0":[0,98]},"_coverageSchema":"1a1c01bbd47fc00a2c39e90264f33305004495a9","hash":"045a8351913f6534d6a19307b62b7a950d08a88b"}
}
