TN:
SF:controllers\commentController.js
FN:6,(anonymous_0)
FN:22,(anonymous_1)
FN:36,(anonymous_2)
FN:44,(anonymous_3)
FN:65,(anonymous_4)
FN:86,(anonymous_5)
FN:115,(anonymous_6)
FNF:7
FNH:7
FNDA:5,(anonymous_0)
FNDA:9,(anonymous_1)
FNDA:3,(anonymous_2)
FNDA:5,(anonymous_3)
FNDA:8,(anonymous_4)
FNDA:12,(anonymous_5)
FNDA:6,(anonymous_6)
DA:1,1
DA:2,1
DA:3,1
DA:6,1
DA:7,5
DA:8,5
DA:11,5
DA:12,5
DA:13,1
DA:17,4
DA:18,4
DA:19,1
DA:22,3
DA:23,9
DA:26,3
DA:27,1
DA:31,2
DA:36,1
DA:37,3
DA:40,3
DA:41,1
DA:44,2
DA:45,5
DA:47,2
DA:48,1
DA:52,3
DA:53,3
DA:54,3
DA:57,1
DA:59,1
DA:60,1
DA:65,1
DA:66,8
DA:67,8
DA:68,8
DA:70,8
DA:71,1
DA:75,7
DA:76,7
DA:77,1
DA:81,6
DA:82,6
DA:83,1
DA:86,5
DA:87,12
DA:90,5
DA:91,1
DA:95,4
DA:101,4
DA:104,3
DA:108,3
DA:111,3
DA:112,1
DA:115,2
DA:116,6
DA:118,2
DA:119,1
DA:123,3
DA:124,3
DA:126,3
DA:128,1
DA:129,1
DA:133,1
LF:63
LH:63
BRDA:12,0,0,1
BRDA:12,0,1,4
BRDA:18,1,0,1
BRDA:18,1,1,3
BRDA:22,2,0,3
BRDA:22,2,1,1
BRDA:23,3,0,9
BRDA:23,3,1,2
BRDA:26,4,0,1
BRDA:26,4,1,2
BRDA:40,5,0,1
BRDA:40,5,1,2
BRDA:47,6,0,1
BRDA:47,6,1,1
BRDA:47,7,0,2
BRDA:47,7,1,2
BRDA:70,8,0,1
BRDA:70,8,1,7
BRDA:76,9,0,1
BRDA:76,9,1,6
BRDA:82,10,0,1
BRDA:82,10,1,5
BRDA:86,11,0,5
BRDA:86,11,1,1
BRDA:87,12,0,12
BRDA:87,12,1,4
BRDA:90,13,0,1
BRDA:90,13,1,4
BRDA:111,14,0,1
BRDA:111,14,1,2
BRDA:118,15,0,1
BRDA:118,15,1,1
BRDA:118,16,0,2
BRDA:118,16,1,2
BRF:34
BRH:34
end_of_record
TN:
SF:controllers\taskController.js
FN:5,(anonymous_0)
FN:32,(anonymous_1)
FN:50,(anonymous_2)
FN:51,(anonymous_3)
FN:64,(anonymous_4)
FN:92,(anonymous_5)
FN:103,(anonymous_6)
FN:134,(anonymous_7)
FN:165,(anonymous_8)
FN:166,(anonymous_9)
FN:172,(anonymous_10)
FN:200,(anonymous_11)
FNF:12
FNH:9
FNDA:2,(anonymous_0)
FNDA:4,(anonymous_1)
FNDA:6,(anonymous_2)
FNDA:2,(anonymous_3)
FNDA:1,(anonymous_4)
FNDA:0,(anonymous_5)
FNDA:0,(anonymous_6)
FNDA:5,(anonymous_7)
FNDA:6,(anonymous_8)
FNDA:2,(anonymous_9)
FNDA:1,(anonymous_10)
FNDA:0,(anonymous_11)
DA:1,1
DA:2,1
DA:5,1
DA:6,2
DA:7,2
DA:24,1
DA:26,1
DA:27,1
DA:32,1
DA:33,4
DA:34,4
DA:37,4
DA:45,3
DA:46,1
DA:50,6
DA:51,2
DA:53,2
DA:54,1
DA:57,1
DA:64,1
DA:70,1
DA:73,1
DA:84,1
DA:86,1
DA:87,1
DA:92,1
DA:93,0
DA:94,0
DA:95,0
DA:97,0
DA:98,0
DA:102,0
DA:103,0
DA:106,0
DA:107,0
DA:111,0
DA:112,0
DA:115,0
DA:126,0
DA:128,0
DA:129,0
DA:134,1
DA:135,5
DA:136,5
DA:137,5
DA:139,4
DA:140,1
DA:144,3
DA:152,3
DA:153,1
DA:157,2
DA:158,2
DA:159,2
DA:160,2
DA:163,2
DA:165,6
DA:166,2
DA:168,2
DA:169,1
DA:172,1
DA:178,1
DA:181,1
DA:192,1
DA:194,1
DA:195,1
DA:200,1
DA:201,0
DA:202,0
DA:204,0
DA:205,0
DA:209,0
DA:217,0
DA:218,0
DA:222,0
DA:224,0
DA:226,0
DA:227,0
DA:231,1
LF:78
LH:52
BRDA:45,0,0,1
BRDA:45,0,1,2
BRDA:53,1,0,1
BRDA:53,1,1,1
BRDA:97,2,0,0
BRDA:97,2,1,0
BRDA:106,3,0,0
BRDA:106,3,1,0
BRDA:139,4,0,1
BRDA:139,4,1,3
BRDA:152,5,0,1
BRDA:152,5,1,2
BRDA:163,6,0,2
BRDA:163,6,1,0
BRDA:168,7,0,1
BRDA:168,7,1,1
BRDA:204,8,0,0
BRDA:204,8,1,0
BRDA:217,9,0,0
BRDA:217,9,1,0
BRF:20
BRH:11
end_of_record
TN:
SF:models\Comment.js
FNF:0
FNH:0
DA:1,1
DA:3,1
DA:25,1
LF:3
LH:3
BRF:0
BRH:0
end_of_record
TN:
SF:models\Task.js
FNF:0
FNH:0
DA:1,2
DA:3,2
DA:55,2
LF:3
LH:3
BRF:0
BRH:0
end_of_record
TN:
SF:models\Team.js
FNF:0
FNH:0
DA:1,2
DA:3,2
DA:36,2
LF:3
LH:3
BRF:0
BRH:0
end_of_record
TN:
SF:models\User.js
FN:29,(anonymous_0)
FN:42,(anonymous_1)
FNF:2
FNH:1
FNDA:98,(anonymous_0)
FNDA:0,(anonymous_1)
DA:1,2
DA:2,2
DA:4,2
DA:29,2
DA:30,98
DA:32,98
DA:33,98
DA:34,98
DA:35,98
DA:37,0
DA:42,2
DA:43,0
DA:46,2
LF:13
LH:11
BRDA:30,0,0,0
BRDA:30,0,1,98
BRF:2
BRH:1
end_of_record
